<?xml version="1.0" encoding="UTF-8"?>
<!-- Generated by org.testng.reporters.JUnitReportReporter -->
<testsuite hostname="LAPTOP-5FIV7N01" failures="0" tests="1" name="aa.aa1.test1" time="4.015" errors="0" timestamp="10 Jul 2024 11:33:49 GMT" skipped="0">
  <testcase classname="aa.aa1.test1" name="test1" time="4.015"/>
</testsuite> <!-- aa.aa1.test1 -->
