<?xml version="1.0" encoding="UTF-8"?>
<!-- Generated by org.testng.reporters.JUnitReportReporter -->
<testsuite hostname="LAPTOP-5FIV7N01" failures="0" tests="1" name="aa.aa1.WebTests.TestHomePage4" time="0.021" errors="0" timestamp="05 Aug 2024 10:26:26 GMT" skipped="0">
  <testcase classname="aa.aa1.WebTests.TestHomePage4" name="verifyHomePageElements" time="0.021"/>
</testsuite> <!-- aa.aa1.WebTests.TestHomePage4 -->
