<?xml version="1.0" encoding="UTF-8"?>
<!-- Generated by org.testng.reporters.JUnitReportReporter -->
<testsuite hostname="LAPTOP-5FIV7N01" failures="0" tests="2" name="aa.aa1.API.Tests.TestCustomer" time="0.048" errors="0" timestamp="27 Jul 2024 06:54:15 GMT" skipped="0">
  <testcase classname="aa.aa1.API.Tests.TestCustomer" name="test1" time="0.013"/>
  <testcase classname="aa.aa1.API.Tests.TestCustomer" name="test2" time="0.035"/>
</testsuite> <!-- aa.aa1.API.Tests.TestCustomer -->
