<?xml version="1.0" encoding="UTF-8"?>
<!-- Generated by org.testng.reporters.JUnitReportReporter -->
<testsuite hostname="LAPTOP-5FIV7N01" failures="0" tests="2" name="aa.aa1.WebTests.TestHomePage3" time="22.025" errors="0" timestamp="05 Aug 2024 07:42:22 GMT" skipped="0">
  <testcase classname="aa.aa1.WebTests.TestHomePage3" name="verifyHomePageElements" time="3.916"/>
  <testcase classname="aa.aa1.WebTests.TestHomePage3" name="navigatetoHomeLogtestinPage3" time="18.109"/>
</testsuite> <!-- aa.aa1.WebTests.TestHomePage3 -->
