<?xml version="1.0" encoding="UTF-8"?>
<!-- Generated by org.testng.reporters.JUnitReportReporter -->
<testsuite hostname="LAPTOP-5FIV7N01" failures="0" tests="2" name="aa.aa1.WebTests.MyTest" time="0.022" errors="0" timestamp="01 Aug 2024 10:18:02 GMT" skipped="0">
  <testcase classname="aa.aa1.WebTests.MyTest" name="test2" time="0.004"/>
  <testcase classname="aa.aa1.WebTests.MyTest" name="test1" time="0.018"/>
</testsuite> <!-- aa.aa1.WebTests.MyTest -->
