<?xml version="1.0" encoding="UTF-8"?>
<!-- Generated by org.testng.reporters.JUnitReportReporter -->
<testsuite hostname="LAPTOP-5FIV7N01" failures="0" tests="1" name="aa.aa1.Test3" time="0.007" errors="0" timestamp="13 Jul 2024 14:26:16 GMT" skipped="0">
  <testcase classname="aa.aa1.Test3" name="Test4" time="0.007"/>
</testsuite> <!-- aa.aa1.Test3 -->
