<?xml version="1.0" encoding="UTF-8"?>
<!-- Generated by org.testng.reporters.JUnitReportReporter -->
<testsuite hostname="LAPTOP-5FIV7N01" failures="0" tests="4" name="aa.aa1.WebTests.TestHomePage2" time="40.944" errors="0" timestamp="05 Aug 2024 07:54:41 GMT" skipped="0">
  <testcase classname="aa.aa1.WebTests.TestHomePage2" name="Test2" time="0.003"/>
  <testcase classname="aa.aa1.WebTests.TestHomePage2" name="TestGmailAboutPageHeader" time="26.420"/>
  <testcase classname="aa.aa1.WebTests.TestHomePage2" name="TestGmailAboutPageHeader" time="14.519"/>
  <testcase classname="aa.aa1.WebTests.TestHomePage2" name="Test2" time="0.002"/>
</testsuite> <!-- aa.aa1.WebTests.TestHomePage2 -->
