<?xml version="1.0" encoding="UTF-8"?>
<!-- Generated by org.testng.reporters.JUnitReportReporter -->
<testsuite hostname="LAPTOP-5FIV7N01" failures="0" tests="4" name="aa.aa1.WebTests.TestHomePage" time="43.200" errors="0" timestamp="05 Aug 2024 07:54:41 GMT" skipped="0">
  <testcase classname="aa.aa1.WebTests.TestHomePage" name="navigatetoHomeLogtestinPage3" time="11.515"/>
  <testcase classname="aa.aa1.WebTests.TestHomePage" name="navigatetoHomeLogtestinPage3" time="13.731"/>
  <testcase classname="aa.aa1.WebTests.TestHomePage" name="verifyHomePageElements" time="3.385"/>
  <testcase classname="aa.aa1.WebTests.TestHomePage" name="verifyHomePageElements" time="14.569"/>
</testsuite> <!-- aa.aa1.WebTests.TestHomePage -->
